This is pdfTeX, Version 3.141592653-2.6-1.40.23 (MiKTeX 21.8) (preloaded format=pdflatex 2021.11.6)  6 DEC 2021 21:19
entering extended mode
**./U3_TZ.tex
(U3_TZ.tex
LaTeX2e <2021-06-01> patch level 1
L3 programming layer <2021-08-27>
(C:\Users\monik\AppData\Local\Programs\MiKTeX\tex/latex/base\article.cls
Document Class: article 2021/02/12 v1.4n Standard LaTeX document class
(C:\Users\monik\AppData\Local\Programs\MiKTeX\tex/latex/base\size11.clo
File: size11.clo 2021/02/12 v1.4n Standard LaTeX file (size option)
)
\c@part=\count182
\c@section=\count183
\c@subsection=\count184
\c@subsubsection=\count185
\c@paragraph=\count186
\c@subparagraph=\count187
\c@figure=\count188
\c@table=\count189
\abovecaptionskip=\skip47
\belowcaptionskip=\skip48
\bibindent=\dimen138
)
(C:\Users\monik\AppData\Local\Programs\MiKTeX\tex/latex/base\inputenc.sty
Package: inputenc 2021/02/14 v1.3d Input encoding file
\inpenc@prehook=\toks16
\inpenc@posthook=\toks17
)
(C:\Users\monik\AppData\Local\Programs\MiKTeX\tex/latex/base\fontenc.sty
Package: fontenc 2021/04/29 v2.0v Standard LaTeX package
)
(C:\Users\monik\AppData\Local\Programs\MiKTeX\tex/latex/psnfss\mathpazo.sty
Package: mathpazo 2020/03/25 PSNFSS-v9.3 Palatino w/ Pazo Math (D.Puga, WaS) 
\symupright=\mathgroup4
)
(C:\Users\monik\AppData\Local\Programs\MiKTeX\tex/generic/babel\babel.sty
Package: babel 2021/07/22 3.63 The Babel package

(C:\Users\monik\AppData\Local\Programs\MiKTeX\tex/generic/babel\babel.def
File: babel.def 2021/07/22 3.63 Babel common definitions
\babel@savecnt=\count190
\U@D=\dimen139
\l@unhyphenated=\language79

(C:\Users\monik\AppData\Local\Programs\MiKTeX\tex/generic/babel\txtbabel.def)
\bbl@readstream=\read2
)
\bbl@dirlevel=\count191

*************************************
* Local config file bblopts.cfg used
*
(C:\Users\monik\AppData\Local\Programs\MiKTeX\tex/latex/arabi\bblopts.cfg
File: bblopts.cfg 2005/09/08 v0.1 add Arabic and Farsi to "declared" options of
 babel
)
(C:\Users\monik\AppData\Local\Programs\MiKTeX\tex/latex/babel-czech\czech.ldf
Language: czech 2008/07/06 v3.1a Czech support from the babel system
Package babel Info: Making " an active character on input line 172.
\cs@wordlen=\count192
Package babel Info: Making - an active character on input line 226.
)) (C:\Users\monik\AppData\Local\Programs\MiKTeX\tex/latex/graphics\graphicx.st
y
Package: graphicx 2020/12/05 v1.2c Enhanced LaTeX Graphics (DPC,SPQR)

(C:\Users\monik\AppData\Local\Programs\MiKTeX\tex/latex/graphics\keyval.sty
Package: keyval 2014/10/28 v1.15 key=value parser (DPC)
\KV@toks@=\toks18
)
(C:\Users\monik\AppData\Local\Programs\MiKTeX\tex/latex/graphics\graphics.sty
Package: graphics 2021/03/04 v1.4d Standard LaTeX Graphics (DPC,SPQR)

(C:\Users\monik\AppData\Local\Programs\MiKTeX\tex/latex/graphics\trig.sty
Package: trig 2016/01/03 v1.10 sin cos tan (DPC)
)
(C:\Users\monik\AppData\Local\Programs\MiKTeX\tex/latex/graphics-cfg\graphics.c
fg
File: graphics.cfg 2016/06/04 v1.11 sample graphics configuration
)
Package graphics Info: Driver file: pdftex.def on input line 107.

(C:\Users\monik\AppData\Local\Programs\MiKTeX\tex/latex/graphics-def\pdftex.def
File: pdftex.def 2020/10/05 v1.2a Graphics/color driver for pdftex
))
\Gin@req@height=\dimen140
\Gin@req@width=\dimen141
)
LaTeX Font Info:    Trying to load font information for T1+ppl on input line 12
.
 (C:\Users\monik\AppData\Local\Programs\MiKTeX\tex/latex/psnfss\t1ppl.fd
File: t1ppl.fd 2001/06/04 font definitions for T1/ppl.
)
(C:\Users\monik\AppData\Local\Programs\MiKTeX\tex/latex/l3backend\l3backend-pdf
tex.def
File: l3backend-pdftex.def 2021-08-04 L3 backend support: PDF output (pdfTeX)
\l__color_backend_stack_int=\count193
\l__pdf_internal_box=\box50
) (U3_TZ.aux)
\openout1 = `U3_TZ.aux'.

LaTeX Font Info:    Checking defaults for OML/cmm/m/it on input line 12.
LaTeX Font Info:    ... okay on input line 12.
LaTeX Font Info:    Checking defaults for OMS/cmsy/m/n on input line 12.
LaTeX Font Info:    ... okay on input line 12.
LaTeX Font Info:    Checking defaults for OT1/cmr/m/n on input line 12.
LaTeX Font Info:    ... okay on input line 12.
LaTeX Font Info:    Checking defaults for T1/cmr/m/n on input line 12.
LaTeX Font Info:    ... okay on input line 12.
LaTeX Font Info:    Checking defaults for TS1/cmr/m/n on input line 12.
LaTeX Font Info:    ... okay on input line 12.
LaTeX Font Info:    Checking defaults for OMX/cmex/m/n on input line 12.
LaTeX Font Info:    ... okay on input line 12.
LaTeX Font Info:    Checking defaults for U/cmr/m/n on input line 12.
LaTeX Font Info:    ... okay on input line 12.
\big@size=\dimen142

(C:\Users\monik\AppData\Local\Programs\MiKTeX\tex/context/base/mkii\supp-pdf.mk
ii
[Loading MPS to PDF converter (version 2006.09.02).]
\scratchcounter=\count194
\scratchdimen=\dimen143
\scratchbox=\box51
\nofMPsegments=\count195
\nofMParguments=\count196
\everyMPshowfont=\toks19
\MPscratchCnt=\count197
\MPscratchDim=\dimen144
\MPnumerator=\count198
\makeMPintoPDFobject=\count199
\everyMPtoPDFconversion=\toks20
)
(C:\Users\monik\AppData\Local\Programs\MiKTeX\tex/latex/epstopdf-pkg\epstopdf-b
ase.sty
Package: epstopdf-base 2020-01-24 v2.11 Base part for package epstopdf
Package epstopdf-base Info: Redefining graphics rule for `.eps' on input line 4
85.

(C:\Users\monik\AppData\Local\Programs\MiKTeX\tex/latex/00miktex\epstopdf-sys.c
fg
File: epstopdf-sys.cfg 2021/03/18 v2.0 Configuration of epstopdf for MiKTeX
)) [1

{C:/Users/monik/AppData/Local/MiKTeX/pdftex/config/pdftex.map}]
(U3_TZ.toc
LaTeX Font Info:    Trying to load font information for OT1+ppl on input line 5
.

(C:\Users\monik\AppData\Local\Programs\MiKTeX\tex/latex/psnfss\ot1ppl.fd
File: ot1ppl.fd 2001/06/04 font definitions for OT1/ppl.
)
LaTeX Font Info:    Trying to load font information for OML+zplm on input line 
5.

(C:\Users\monik\AppData\Local\Programs\MiKTeX\tex/latex/psnfss\omlzplm.fd
File: omlzplm.fd 2002/09/08 Fontinst v1.914 font definitions for OML/zplm.
)
LaTeX Font Info:    Trying to load font information for OMS+zplm on input line 
5.

(C:\Users\monik\AppData\Local\Programs\MiKTeX\tex/latex/psnfss\omszplm.fd
File: omszplm.fd 2002/09/08 Fontinst v1.914 font definitions for OMS/zplm.
)
LaTeX Font Info:    Trying to load font information for OMX+zplm on input line 
5.

(C:\Users\monik\AppData\Local\Programs\MiKTeX\tex/latex/psnfss\omxzplm.fd
File: omxzplm.fd 2002/09/08 Fontinst v1.914 font definitions for OMX/zplm.
)
LaTeX Font Info:    Trying to load font information for OT1+zplm on input line 
5.

(C:\Users\monik\AppData\Local\Programs\MiKTeX\tex/latex/psnfss\ot1zplm.fd
File: ot1zplm.fd 2002/09/08 Fontinst v1.914 font definitions for OT1/zplm.
)
[1])
\tf@toc=\write3
\openout3 = `U3_TZ.toc'.

 [2]
Overfull \hbox (2.27577pt too wide) in paragraph at lines 95--96
\T1/ppl/m/n/10.95 nimi vy-tvo°te Delauna-y-ovu tri-an-gu-laci me-to-dou in-kre-
men-tální kon-strukce.
 []

LaTeX Font Info:    Trying to load font information for TS1+ppl on input line 1
05.
(C:\Users\monik\AppData\Local\Programs\MiKTeX\tex/latex/psnfss\ts1ppl.fd
File: ts1ppl.fd 2001/06/04 font definitions for TS1/ppl.
)
Overfull \hbox (7.1812pt too wide) in paragraph at lines 137--138
\T1/ppl/m/n/10.95 tri-an-gu-lace, která svými kri-té-rii za-ji²-´uje jed-no-zna
£-nost, spo-leh-livé vý-slekdy
 []

[3

]
Overfull \hbox (1.3961pt too wide) in paragraph at lines 140--141
[]\T1/ppl/m/n/10.95 Uvnit° kruº-nice $\OML/zplm/m/it/10.95 k$ \T1/ppl/m/n/10.95
 opsa-nému li-bo-vol-nému troj-ú-hel-níku $\OML/zplm/m/it/10.95 t[]$ \T1/ppl/m/
n/10.95 ne-leºí ºádný
 []

[4] [5] [6]
Overfull \hbox (6.50365pt too wide) in paragraph at lines 206--207
\T1/ppl/m/n/10.95 £íky mezi vr-choly troj-ú-hel-níku - vrs-tev-nice je vy-kres-
lena mezi
 []

[7]
<images/expozice.jpg, id=34, 121.6545pt x 146.949pt>
File: images/expozice.jpg Graphic file (type jpg)
<use images/expozice.jpg>
Package pdftex.def Info: images/expozice.jpg  used on input line 248.
(pdftex.def)             Requested size: 121.65419pt x 146.94864pt.
 [8 <./images/expozice.jpg>]
Overfull \hbox (0.12935pt too wide) in paragraph at lines 262--263
\T1/ppl/m/n/10.95 stu-pem funkce jsou vek-tor 3D bod· a vek-tor úhl· s da-to-vý
m ty-pem double.
 []

<images/getContourLabels.png, id=38, 287.8755pt x 150.5625pt>
File: images/getContourLabels.png Graphic file (type png)
<use images/getContourLabels.png>
Package pdftex.def Info: images/getContourLabels.png  used on input line 269.
(pdftex.def)             Requested size: 287.87479pt x 150.56212pt.

Overfull \hbox (4.62552pt too wide) in paragraph at lines 274--275
[]\T1/ppl/m/n/10.95 Ve t°íd¥ Draw pak byly nejd°íve vy-ge-ne-ro-vány ob-dél-ník
y v barv¥ plátna,
 []

[9 <./images/getContourLabels.png>]
Overfull \hbox (13.87782pt too wide) in paragraph at lines 276--277
[]\T1/ppl/m/n/10.95 Abychom mohli vy-kres-lit ob-dél-níky ve sm¥ru vrs-tev-nice
, mu-síme nejd°íve
 []

<images/DrawLabelSquares.png, id=44, 608.2725pt x 308.95425pt>
File: images/DrawLabelSquares.png Graphic file (type png)
<use images/DrawLabelSquares.png>
Package pdftex.def Info: images/DrawLabelSquares.png  used on input line 280.
(pdftex.def)             Requested size: 304.13551pt x 154.47675pt.
File: images/DrawLabelSquares.png Graphic file (type png)
<use images/DrawLabelSquares.png>
Package pdftex.def Info: images/DrawLabelSquares.png  used on input line 291.
(pdftex.def)             Requested size: 304.13551pt x 154.47675pt.
[10 <./images/DrawLabelSquares.png>] [11]
<images/U2_problem_pocatek.png, id=52, 263.7855pt x 314.97675pt>
File: images/U2_problem_pocatek.png Graphic file (type png)
<use images/U2_problem_pocatek.png>
Package pdftex.def Info: images/U2_problem_pocatek.png  used on input line 311.

(pdftex.def)             Requested size: 211.02867pt x 251.98172pt.
 [12

 <./images/U2_problem_pocatek.png>]
<images/U2_problem_meritko2.png, id=58, 208.98074pt x 142.73325pt>
File: images/U2_problem_meritko2.png Graphic file (type png)
<use images/U2_problem_meritko2.png>
Package pdftex.def Info: images/U2_problem_meritko2.png  used on input line 326
.
(pdftex.def)             Requested size: 167.18481pt x 114.18674pt.
<images/U2_problem_transformace.png, id=59, 274.02374pt x 112.62074pt>
File: images/U2_problem_transformace.png Graphic file (type png)
<use images/U2_problem_transformace.png>
Package pdftex.def Info: images/U2_problem_transformace.png  used on input line
 338.
(pdftex.def)             Requested size: 274.02307pt x 112.62045pt.
 [13 <./images/U2_problem_meritko2.png> <./images/U2_problem_transformace.png>]
<images/round2num.png, id=65, 337.86224pt x 208.3785pt>
File: images/round2num.png Graphic file (type png)
<use images/round2num.png>
Package pdftex.def Info: images/round2num.png  used on input line 352.
(pdftex.def)             Requested size: 236.50194pt x 145.86394pt.
<images/round2num2.png, id=66, 277.035pt x 139.11975pt>
File: images/round2num2.png Graphic file (type png)
<use images/round2num2.png>
Package pdftex.def Info: images/round2num2.png  used on input line 361.
(pdftex.def)             Requested size: 193.92317pt x 97.38315pt.
 [14

 <./images/round2num.png> <./images/round2num2.png>] [15]
<images/vstup.png, id=75, 181.27725pt x 127.677pt>
File: images/vstup.png Graphic file (type png)
<use images/vstup.png>
Package pdftex.def Info: images/vstup.png  used on input line 393.
(pdftex.def)             Requested size: 181.27681pt x 127.67668pt.
 [16

 <./images/vstup.png>]
<images/vstup_polygon.png, id=80, 133.6995pt x 123.46124pt>
File: images/vstup_polygon.png Graphic file (type png)
<use images/vstup_polygon.png>
Package pdftex.def Info: images/vstup_polygon.png  used on input line 411.
(pdftex.def)             Requested size: 133.69916pt x 123.46092pt.
 [17 <./images/vstup_polygon.png>]
<images/aplikace_klik_analyze.png, id=85, 787.14075pt x 558.28575pt>
File: images/aplikace_klik_analyze.png Graphic file (type png)
<use images/aplikace_klik_analyze.png>
Package pdftex.def Info: images/aplikace_klik_analyze.png  used on input line 4
27.
(pdftex.def)             Requested size: 314.85072pt x 223.31033pt.
<images/aplikace_analyze_outside.png, id=86, 786.5385pt x 557.08125pt>
File: images/aplikace_analyze_outside.png Graphic file (type png)
<use images/aplikace_analyze_outside.png>
Package pdftex.def Info: images/aplikace_analyze_outside.png  used on input lin
e 441.
(pdftex.def)             Requested size: 314.60983pt x 222.82855pt.
<images/aplikace_analyze_inside.png, id=87, 787.14075pt x 557.08125pt>
File: images/aplikace_analyze_inside.png Graphic file (type png)
<use images/aplikace_analyze_inside.png>
Package pdftex.def Info: images/aplikace_analyze_inside.png  used on input line
 447.
(pdftex.def)             Requested size: 314.85072pt x 222.82855pt.
 [18

 <./images/aplikace_klik_analyze.png>] [19 <./images/aplikace_analyze_outside.p
ng> <./images/aplikace_analyze_inside.png>]
<images/aplikace_uvodni_okno.png, id=98, 787.14075pt x 557.08125pt>
File: images/aplikace_uvodni_okno.png Graphic file (type png)
<use images/aplikace_uvodni_okno.png>
Package pdftex.def Info: images/aplikace_uvodni_okno.png  used on input line 45
7.
(pdftex.def)             Requested size: 314.85072pt x 222.82855pt.

Overfull \hbox (2.51743pt too wide) in paragraph at lines 479--480
[]\T1/ppl/m/n/10.95 double get2LinesAngle(QPoint &p1, QPoint &p2, QPoint &p3, Q
Point
 []


Overfull \hbox (69.9461pt too wide) in paragraph at lines 480--481
[]\T1/ppl/m/n/10.95 std::tuple<QPoint3D,double> get-Ci-rcle-Cen-ter-An-dRa-dius
(QPoint3D &p1,QPoint3D
 []

[20

 <./images/aplikace_uvodni_okno.png>]
Overfull \hbox (18.9848pt too wide) in paragraph at lines 481--482
[]\T1/ppl/m/n/10.95 int ge-t-Delauna-y-Point(QPoint3D &s,QPoint3D &e,std::vecto
r<QPoint3D>
 []


Overfull \hbox (20.749pt too wide) in paragraph at lines 487--488
[]\T1/ppl/m/n/10.95 std::vector<Edge> get-Con-tour-Li-nes(std::vector<Edge> &dt
, double zmin,
 []


Overfull \hbox (2.4172pt too wide) in paragraph at lines 489--490
[]\T1/ppl/m/n/10.95 double ge-tEx-po-si-tion(QPoint3D &p1, QPoint3D &p2, QPoint
3D &p3); 
 []


Overfull \hbox (5.75748pt too wide) in paragraph at lines 491--492
[]\T1/ppl/m/n/10.95 QPoint3D get-Cen-t-re-O-f-Mass(QPoint3D &p1, QPoint3D &p2, 
QPoint3D
 []


Overfull \hbox (4.11546pt too wide) in paragraph at lines 498--499
\T1/ppl/m/n/10.95 ur-£u-jící li-nie, tzn. vr-choly po-ly-gonu. Ná-vra-to-vou ho
d-no-tou funkce je double
 []


Overfull \hbox (57.00533pt too wide) in paragraph at lines 501--502
 \T1/ppl/b/n/10.95 std::tuple<QPoint3D,double> get-Ci-rcle-Cen-ter-An-dRa-dius(
QPoint3D &p1,QPoint3D
 []


Overfull \hbox (4.35732pt too wide) in paragraph at lines 504--505
 \T1/ppl/b/n/10.95 int ge-t-Delauna-y-Point(QPoint3D &s,QPoint3D &e,std::vector
<QPoint3D>
 []


Overfull \hbox (0.317pt too wide) in paragraph at lines 504--505
\T1/ppl/b/n/10.95 &points);[] \T1/ppl/m/n/10.95 Funkce hledá Delaunay bod. Vstu
p-ními ar-gu-menty jsou 2 body
 []

[21]
Overfull \hbox (10.89478pt too wide) in paragraph at lines 507--508
 \T1/ppl/b/n/10.95 int get-Nea-rest-Point(QPoint3D &p, std::vector<QPoint3D> &p
oints);[] \T1/ppl/m/n/10.95 Fun-
 []


Overfull \hbox (10.42401pt too wide) in paragraph at lines 510--512
 \T1/ppl/b/n/10.95 std::vector<Edge> dT(std::vector<QPoint3D> &points);[] \T1/p
pl/m/n/10.95 Funkce po-£ítá De-
 []


Overfull \hbox (0.66771pt too wide) in paragraph at lines 514--515
 \T1/ppl/b/n/10.95 std::vector<Edge> dT-Po-ly-gon(std::vector<QPoint3D> &points
);[] \T1/ppl/m/n/10.95 Funkce
 []


Overfull \hbox (0.28482pt too wide) in paragraph at lines 522--523
 \T1/ppl/b/n/10.95 std::vector<Edge> get-Con-tour-Li-nes(std::vector<Edge> &dt,
 double zmin,
 []


Overfull \hbox (8.57275pt too wide) in paragraph at lines 525--526
 \T1/ppl/b/n/10.95 double get-Slope(QPoint3D &p1, QPoint3D &p2, QPoint3D &p3);[
] \T1/ppl/m/n/10.95 Funkce
 []

[22]
Overfull \hbox (6.49199pt too wide) in paragraph at lines 528--529
\T1/ppl/m/n/10.95 ními ar-gu-menty jsou vr-choly troj-ú-hl-níku ulo-ºené v da-t
o-vém typu QPoint3D,
 []


Overfull \hbox (3.64629pt too wide) in paragraph at lines 531--532
 \T1/ppl/b/n/10.95 std::vector<Triangle> ana-ly-zeDTM(std::vector<Edge> &dt);[]
 \T1/ppl/m/n/10.95 Funkce ana-
 []


Overfull \hbox (2.5062pt too wide) in paragraph at lines 536--538
\T1/ppl/m/n/10.95 drobn¥ vy-sv¥t-lena v ka-pi-tole 3. Vstup-ními ar-gu-menty js
ou sou-°ad-nice bodu
 []

[23] [24] [25]
Overfull \hbox (5.61566pt too wide) in paragraph at lines 612--614
\T1/ppl/m/n/10.95 Funkce na-sta-vuje gra-fické atri-buty vy-kres-lo-va-ných ob-
jekt· a kreslí na plátno
 []


Overfull \hbox (0.77649pt too wide) in paragraph at lines 618--620
\T1/ppl/m/n/10.95 Funkce smaºe ve²-keré ob-jekty, jeº jsou vy-kres-leny na ca-n
-vasu, funkce nemá
 []


Overfull \hbox (3.21886pt too wide) in paragraph at lines 628--629
 \T1/ppl/b/n/10.95 std::vector<QPoint3D> get-Points();[] \T1/ppl/m/n/10.95 Funk
ce pro zís-kání vek-toru bod· m¥-
 []

[26]
Overfull \hbox (3.78789pt too wide) in paragraph at lines 662--663
 \T1/ppl/b/n/10.95 void setCon-tours(std::vector<Edge> &con-tours_);[] \T1/ppl/
m/n/10.95 Ukládá vrs-tev-nice ulo-
 []


Overfull \hbox (20.99089pt too wide) in paragraph at lines 665--666
 \T1/ppl/b/n/10.95 void setMa-in-Con-tours(std::vector<Edge> &main_contours_);[
] \T1/ppl/m/n/10.95 Ukládá hlavní
 []


Overfull \hbox (39.79082pt too wide) in paragraph at lines 665--666
\T1/ppl/m/n/10.95 vrs-tev-nice ulo-ºené jako vek-tor Edge do t°ídy Wi-dget - do
 pro-m¥nné main_contours. 
 []

[27]
Overfull \hbox (2.05789pt too wide) in paragraph at lines 674--675
 \T1/ppl/b/n/10.95 std::vector<Triangle> get-Tri-an-gles();[] \T1/ppl/m/n/10.95
 Funkce pro zís-kání troj-ú-hel-ník· De-
 []


Overfull \hbox (8.83594pt too wide) in paragraph at lines 677--678
 \T1/ppl/b/n/10.95 void setTri-an-gles(std::vector<Triangle> &tri-an-gles_);[] 
\T1/ppl/m/n/10.95 Ukládá troj-ú-hel-níky
 []

[28]
Overfull \hbox (0.74431pt too wide) in paragraph at lines 736--737
 \T1/ppl/b/n/10.95 void on_pushButton_CreateContours_clicked();[] \T1/ppl/m/n/1
0.95 Funkce se volá po stisk-
 []

[29]
Overfull \hbox (1.76277pt too wide) in paragraph at lines 752--753
 \T1/ppl/b/n/10.95 void on_pushButton_contour_labels_clicked();[] \T1/ppl/m/n/1
0.95 Funkce se volá v p°í-pad¥
 []


Overfull \hbox (4.57864pt too wide) in paragraph at lines 755--756
 \T1/ppl/b/n/10.95 void on_checkBox_stateChanged(int arg1);[] \T1/ppl/m/n/10.95
 ---------------------------------------
 []


Overfull \hbox (12.65822pt too wide) in paragraph at lines 760--761
 \T1/ppl/b/n/10.95 void on_checkBox_ShowContours_stateChanged(int arg1);[] \T1/
ppl/m/n/10.95 Funkce se volá
 []


Overfull \hbox (6.67856pt too wide) in paragraph at lines 763--764
\T1/ppl/m/n/10.95 no-ván po-£á-te£-ním a kon-co-vým bo-dem ulo-ºe-ným v da-to-v
ém typu QPoint3D. 
 []

[30]
Overfull \hbox (14.58434pt too wide) in paragraph at lines 766--767
\T1/ppl/m/n/10.95 T°ída de-fi-nuje da-tový typ QPoint3D, jeº je d¥-di£-ným da-t
o-vým ty-pem QPointF.
 []


Underfull \hbox (badness 10000) in paragraph at lines 780--781

 []


Underfull \hbox (badness 10000) in paragraph at lines 782--783

 []

[31] (U3_TZ.aux) ) 
Here is how much of TeX's memory you used:
 2865 strings out of 478927
 45844 string characters out of 2852535
 354243 words of memory out of 3000000
 20662 multiletter control sequences out of 15000+600000
 439400 words of font info for 87 fonts, out of 8000000 for 9000
 1141 hyphenation exceptions out of 8191
 57i,7n,66p,721b,250s stack positions out of 5000i,500n,10000p,200000b,80000s
{C:/Users/monik/AppData/Local/Programs/MiKTeX/fonts/enc/dvips
/base/8r.enc}<C:/Users/monik/AppData/Local/Programs/MiKTeX/fonts/type1/public/a
msfonts/cm/cmmi10.pfb><C:/Users/monik/AppData/Local/Programs/MiKTeX/fonts/type1
/public/amsfonts/cm/cmr10.pfb><C:/Users/monik/AppData/Local/Programs/MiKTeX/fon
ts/type1/public/amsfonts/cm/cmsy10.pfb><C:/Users/monik/AppData/Local/Programs/M
iKTeX/fonts/type1/public/mathpazo/fplmri.pfb><C:/Users/monik/AppData/Local/Prog
rams/MiKTeX/fonts/type1/urw/palatino/uplb8a.pfb><C:/Users/monik/AppData/Local/P
rograms/MiKTeX/fonts/type1/urw/palatino/uplr8a.pfb><C:/Users/monik/AppData/Loca
l/Programs/MiKTeX/fonts/type1/urw/palatino/uplri8a.pfb>
Output written on U3_TZ.pdf (32 pages, 305319 bytes).
PDF statistics:
 169 PDF objects out of 1000 (max. 8388607)
 0 named destinations out of 1000 (max. 500000)
 71 words of extra memory for PDF output out of 10000 (max. 10000000)

